PS D:\bchin\Downloads\IdeaProjects\salesnow-jp-web-scraping-test> python -m src.main --task all
[Task A] Nissui ...
  -> address=True, rep=True, capital=True, founded=True
[Task A] Umios ...
  -> address=True, rep=True, capital=True, founded=True
[Task A] Yukiguni Factory ...
  -> address=True, rep=True, capital=True, founded=True
[Task A] Sakata Seed ...
  -> address=True, rep=True, capital=True, founded=True
[Task A] Hokto ...
  -> address=True, rep=True, capital=True, founded=True
[Task A] Sho-Bond Holdings ...
  -> address=True, rep=True, capital=True, founded=True
[Task A] Mirait One ...
  -> address=True, rep=True, capital=True, founded=True
[Task A] Tama Home ...
  -> address=True, rep=True, capital=True, founded=True
[Task A] Kyokuyo ...
  -> address=True, rep=True, capital=True, founded=True
[Task A] Nippon Aqua ...
  -> address=True, rep=True, capital=True, founded=True

Saved 10 records to result\companies.json and result\companies.csv

[Task B] Indeed Vietnam ...
  -> Partial data retrieved via Playwright despite protection signals.
